2020-06-20 00:45:05.956  INFO 10280 --- [main] com.example.iot.IotApplication           : Starting IotApplication on LAPTOP-BDC0IEQT with PID 10280 (D:\Software\SmartIot\smart-iot-backend\target\classes started by 77178 in D:\Software\SmartIot\smart-iot-backend)
2020-06-20 00:45:05.962  INFO 10280 --- [main] com.example.iot.IotApplication           : No active profile set, falling back to default profiles: default
2020-06-20 00:45:06.043  WARN 10280 --- [background-preinit] o.s.h.c.j.Jackson2ObjectMapperBuilder    : For Jackson Kotlin classes support please add "com.fasterxml.jackson.module:jackson-module-kotlin" to the classpath
2020-06-20 00:45:07.992  INFO 10280 --- [main] .s.d.r.c.RepositoryConfigurationDelegate : Multiple Spring Data modules found, entering strict repository configuration mode!
2020-06-20 00:45:07.993  INFO 10280 --- [main] .s.d.r.c.RepositoryConfigurationDelegate : Bootstrapping Spring Data JPA repositories in DEFAULT mode.
2020-06-20 00:45:08.081  INFO 10280 --- [main] .RepositoryConfigurationExtensionSupport : Spring Data JPA - Could not safely identify store assignment for repository candidate interface com.example.iot.repository.DeviceDemandRepository. If you want this repository to be a JPA repository, consider annotating your entities with one of these annotations: javax.persistence.Entity, javax.persistence.MappedSuperclass (preferred), or consider extending one of the following types with your repository: org.springframework.data.jpa.repository.JpaRepository.
2020-06-20 00:45:08.083  INFO 10280 --- [main] .RepositoryConfigurationExtensionSupport : Spring Data JPA - Could not safely identify store assignment for repository candidate interface com.example.iot.repository.DeviceMessageRepository. If you want this repository to be a JPA repository, consider annotating your entities with one of these annotations: javax.persistence.Entity, javax.persistence.MappedSuperclass (preferred), or consider extending one of the following types with your repository: org.springframework.data.jpa.repository.JpaRepository.
2020-06-20 00:45:08.119  INFO 10280 --- [main] .s.d.r.c.RepositoryConfigurationDelegate : Finished Spring Data repository scanning in 116ms. Found 9 JPA repository interfaces.
2020-06-20 00:45:08.168  INFO 10280 --- [main] .s.d.r.c.RepositoryConfigurationDelegate : Multiple Spring Data modules found, entering strict repository configuration mode!
2020-06-20 00:45:08.168  INFO 10280 --- [main] .s.d.r.c.RepositoryConfigurationDelegate : Bootstrapping Spring Data MongoDB repositories in DEFAULT mode.
2020-06-20 00:45:08.180  INFO 10280 --- [main] .RepositoryConfigurationExtensionSupport : Spring Data MongoDB - Could not safely identify store assignment for repository candidate interface com.example.iot.repository.ChannelDataFieldRepository. If you want this repository to be a MongoDB repository, consider annotating your entities with one of these annotations: org.springframework.data.mongodb.core.mapping.Document (preferred), or consider extending one of the following types with your repository: org.springframework.data.mongodb.repository.MongoRepository.
2020-06-20 00:45:08.180  INFO 10280 --- [main] .RepositoryConfigurationExtensionSupport : Spring Data MongoDB - Could not safely identify store assignment for repository candidate interface com.example.iot.repository.DeviceChannelRepository. If you want this repository to be a MongoDB repository, consider annotating your entities with one of these annotations: org.springframework.data.mongodb.core.mapping.Document (preferred), or consider extending one of the following types with your repository: org.springframework.data.mongodb.repository.MongoRepository.
2020-06-20 00:45:08.182  INFO 10280 --- [main] .RepositoryConfigurationExtensionSupport : Spring Data MongoDB - Could not safely identify store assignment for repository candidate interface com.example.iot.repository.DeviceRepository. If you want this repository to be a MongoDB repository, consider annotating your entities with one of these annotations: org.springframework.data.mongodb.core.mapping.Document (preferred), or consider extending one of the following types with your repository: org.springframework.data.mongodb.repository.MongoRepository.
2020-06-20 00:45:08.183  INFO 10280 --- [main] .RepositoryConfigurationExtensionSupport : Spring Data MongoDB - Could not safely identify store assignment for repository candidate interface com.example.iot.repository.GroupRepository. If you want this repository to be a MongoDB repository, consider annotating your entities with one of these annotations: org.springframework.data.mongodb.core.mapping.Document (preferred), or consider extending one of the following types with your repository: org.springframework.data.mongodb.repository.MongoRepository.
2020-06-20 00:45:08.183  INFO 10280 --- [main] .RepositoryConfigurationExtensionSupport : Spring Data MongoDB - Could not safely identify store assignment for repository candidate interface com.example.iot.repository.TemplateChannelRepository. If you want this repository to be a MongoDB repository, consider annotating your entities with one of these annotations: org.springframework.data.mongodb.core.mapping.Document (preferred), or consider extending one of the following types with your repository: org.springframework.data.mongodb.repository.MongoRepository.
2020-06-20 00:45:08.184  INFO 10280 --- [main] .RepositoryConfigurationExtensionSupport : Spring Data MongoDB - Could not safely identify store assignment for repository candidate interface com.example.iot.repository.TemplateRepository. If you want this repository to be a MongoDB repository, consider annotating your entities with one of these annotations: org.springframework.data.mongodb.core.mapping.Document (preferred), or consider extending one of the following types with your repository: org.springframework.data.mongodb.repository.MongoRepository.
2020-06-20 00:45:08.184  INFO 10280 --- [main] .RepositoryConfigurationExtensionSupport : Spring Data MongoDB - Could not safely identify store assignment for repository candidate interface com.example.iot.repository.UserRepository. If you want this repository to be a MongoDB repository, consider annotating your entities with one of these annotations: org.springframework.data.mongodb.core.mapping.Document (preferred), or consider extending one of the following types with your repository: org.springframework.data.mongodb.repository.MongoRepository.
2020-06-20 00:45:08.185  INFO 10280 --- [main] .RepositoryConfigurationExtensionSupport : Spring Data MongoDB - Could not safely identify store assignment for repository candidate interface com.example.iot.repository.rule.RuleLogRepository. If you want this repository to be a MongoDB repository, consider annotating your entities with one of these annotations: org.springframework.data.mongodb.core.mapping.Document (preferred), or consider extending one of the following types with your repository: org.springframework.data.mongodb.repository.MongoRepository.
2020-06-20 00:45:08.186  INFO 10280 --- [main] .RepositoryConfigurationExtensionSupport : Spring Data MongoDB - Could not safely identify store assignment for repository candidate interface com.example.iot.repository.rule.RuleRepository. If you want this repository to be a MongoDB repository, consider annotating your entities with one of these annotations: org.springframework.data.mongodb.core.mapping.Document (preferred), or consider extending one of the following types with your repository: org.springframework.data.mongodb.repository.MongoRepository.
2020-06-20 00:45:08.197  INFO 10280 --- [main] .s.d.r.c.RepositoryConfigurationDelegate : Finished Spring Data repository scanning in 29ms. Found 2 MongoDB repository interfaces.
2020-06-20 00:45:09.225  INFO 10280 --- [main] o.s.b.w.embedded.tomcat.TomcatWebServer  : Tomcat initialized with port(s): 8081 (http)
2020-06-20 00:45:09.235  INFO 10280 --- [main] o.apache.catalina.core.StandardService   : Starting service [Tomcat]
2020-06-20 00:45:09.235  INFO 10280 --- [main] org.apache.catalina.core.StandardEngine  : Starting Servlet engine: [Apache Tomcat/9.0.33]
2020-06-20 00:45:09.331  INFO 10280 --- [main] o.a.c.c.C.[Tomcat].[localhost].[/]       : Initializing Spring embedded WebApplicationContext
2020-06-20 00:45:09.332  INFO 10280 --- [main] o.s.web.context.ContextLoader            : Root WebApplicationContext: initialization completed in 3261 ms
2020-06-20 00:45:09.740  INFO 10280 --- [main] o.hibernate.jpa.internal.util.LogHelper  : HHH000204: Processing PersistenceUnitInfo [name: default]
2020-06-20 00:45:09.823  INFO 10280 --- [main] org.hibernate.Version                    : HHH000412: Hibernate ORM core version 5.4.12.Final
2020-06-20 00:45:10.068  INFO 10280 --- [main] o.hibernate.annotations.common.Version   : HCANN000001: Hibernate Commons Annotations {5.1.0.Final}
2020-06-20 00:45:10.234  INFO 10280 --- [main] com.zaxxer.hikari.HikariDataSource       : HikariPool-1 - Starting...
2020-06-20 00:45:10.549  INFO 10280 --- [main] com.zaxxer.hikari.HikariDataSource       : HikariPool-1 - Start completed.
2020-06-20 00:45:10.570  INFO 10280 --- [main] org.hibernate.dialect.Dialect            : HHH000400: Using dialect: org.hibernate.dialect.MySQL57Dialect
2020-06-20 00:45:11.957  INFO 10280 --- [main] o.h.e.t.j.p.i.JtaPlatformInitiator       : HHH000490: Using JtaPlatform implementation: [org.hibernate.engine.transaction.jta.platform.internal.NoJtaPlatform]
2020-06-20 00:45:11.964  INFO 10280 --- [main] j.LocalContainerEntityManagerFactoryBean : Initialized JPA EntityManagerFactory for persistence unit 'default'
2020-06-20 00:45:14.358  INFO 10280 --- [main] org.mongodb.driver.cluster               : Cluster created with settings {hosts=[101.37.80.37:27017], mode=SINGLE, requiredClusterType=UNKNOWN, serverSelectionTimeout='30000 ms', maxWaitQueueSize=500}
2020-06-20 00:45:14.492  INFO 10280 --- [cluster-ClusterId{value='5eeceb9a3069db22f4d7d03c', description='null'}-101.37.80.37:27017] org.mongodb.driver.connection            : Opened connection [connectionId{localValue:1, serverValue:28017}] to 101.37.80.37:27017
2020-06-20 00:45:14.513  INFO 10280 --- [cluster-ClusterId{value='5eeceb9a3069db22f4d7d03c', description='null'}-101.37.80.37:27017] org.mongodb.driver.cluster               : Monitor thread successfully connected to server with description ServerDescription{address=101.37.80.37:27017, type=STANDALONE, state=CONNECTED, ok=true, version=ServerVersion{versionList=[4, 2, 6]}, minWireVersion=0, maxWireVersion=8, maxDocumentSize=16777216, logicalSessionTimeoutMinutes=30, roundTripTimeNanos=19230100}
2020-06-20 00:45:16.363  WARN 10280 --- [main] JpaBaseConfiguration$JpaWebConfiguration : spring.jpa.open-in-view is enabled by default. Therefore, database queries may be performed during view rendering. Explicitly configure spring.jpa.open-in-view to disable this warning
2020-06-20 00:45:16.716  INFO 10280 --- [main] o.s.s.concurrent.ThreadPoolTaskExecutor  : Initializing ExecutorService 'applicationTaskExecutor'
2020-06-20 00:45:17.265  INFO 10280 --- [main] d.s.w.p.DocumentationPluginsBootstrapper : Context refreshed
2020-06-20 00:45:17.337  INFO 10280 --- [main] d.s.w.p.DocumentationPluginsBootstrapper : Found 1 custom documentation plugin(s)
2020-06-20 00:45:17.355  INFO 10280 --- [main] s.d.s.w.s.ApiListingReferenceScanner     : Scanning for api listing references
2020-06-20 00:45:17.815  INFO 10280 --- [main] .d.s.w.r.o.CachingOperationNameGenerator : Generating unique operation named: addUsingPOST_1
2020-06-20 00:45:17.819  INFO 10280 --- [main] .d.s.w.r.o.CachingOperationNameGenerator : Generating unique operation named: getUsingGET_1
2020-06-20 00:45:17.820  INFO 10280 --- [main] .d.s.w.r.o.CachingOperationNameGenerator : Generating unique operation named: getUsingGET_2
2020-06-20 00:45:17.828  INFO 10280 --- [main] .d.s.w.r.o.CachingOperationNameGenerator : Generating unique operation named: addUsingPOST_2
2020-06-20 00:45:17.832  INFO 10280 --- [main] .d.s.w.r.o.CachingOperationNameGenerator : Generating unique operation named: deleteUsingGET_1
2020-06-20 00:45:17.838  INFO 10280 --- [main] .d.s.w.r.o.CachingOperationNameGenerator : Generating unique operation named: getUsingGET_3
2020-06-20 00:45:17.846  INFO 10280 --- [main] .d.s.w.r.o.CachingOperationNameGenerator : Generating unique operation named: listUsingGET_1
2020-06-20 00:45:17.850  INFO 10280 --- [main] .d.s.w.r.o.CachingOperationNameGenerator : Generating unique operation named: searchByNameUsingGET_1
2020-06-20 00:45:17.852  INFO 10280 --- [main] .d.s.w.r.o.CachingOperationNameGenerator : Generating unique operation named: updateUsingPOST_1
2020-06-20 00:45:18.455  INFO 10280 --- [main] o.s.b.w.embedded.tomcat.TomcatWebServer  : Tomcat started on port(s): 8081 (http) with context path ''
2020-06-20 00:45:18.456  INFO 10280 --- [main] com.example.iot.IotApplication           : Started IotApplication in 13.482 seconds (JVM running for 16.247)
2020-06-20 00:45:19.910  INFO 10280 --- [http-nio-8081-exec-1] o.a.c.c.C.[Tomcat].[localhost].[/]       : Initializing Spring DispatcherServlet 'dispatcherServlet'
2020-06-20 00:45:19.910  INFO 10280 --- [http-nio-8081-exec-1] o.s.web.servlet.DispatcherServlet        : Initializing Servlet 'dispatcherServlet'
2020-06-20 00:45:19.916  INFO 10280 --- [http-nio-8081-exec-1] o.s.web.servlet.DispatcherServlet        : Completed initialization in 6 ms
2020-06-20 00:45:42.631  WARN 10280 --- [http-nio-8081-exec-10] .w.s.m.s.DefaultHandlerExceptionResolver : Resolved [org.springframework.web.bind.MissingPathVariableException: Missing URI template variable 'deviceId' for method parameter of type int]
2020-06-20 00:45:56.816  WARN 10280 --- [http-nio-8081-exec-2] .w.s.m.s.DefaultHandlerExceptionResolver : Resolved [org.springframework.web.bind.MissingPathVariableException: Missing URI template variable 'templateId' for method parameter of type int]
2020-06-20 00:46:59.730  INFO 19940 --- [main] com.example.iot.IotApplication           : Starting IotApplication on LAPTOP-BDC0IEQT with PID 19940 (D:\Software\SmartIot\smart-iot-backend\target\classes started by 77178 in D:\Software\SmartIot\smart-iot-backend)
2020-06-20 00:46:59.733  INFO 19940 --- [main] com.example.iot.IotApplication           : No active profile set, falling back to default profiles: default
2020-06-20 00:46:59.831  WARN 19940 --- [background-preinit] o.s.h.c.j.Jackson2ObjectMapperBuilder    : For Jackson Kotlin classes support please add "com.fasterxml.jackson.module:jackson-module-kotlin" to the classpath
2020-06-20 00:47:00.893  INFO 19940 --- [main] .s.d.r.c.RepositoryConfigurationDelegate : Multiple Spring Data modules found, entering strict repository configuration mode!
2020-06-20 00:47:00.894  INFO 19940 --- [main] .s.d.r.c.RepositoryConfigurationDelegate : Bootstrapping Spring Data JPA repositories in DEFAULT mode.
2020-06-20 00:47:00.946  INFO 19940 --- [main] .RepositoryConfigurationExtensionSupport : Spring Data JPA - Could not safely identify store assignment for repository candidate interface com.example.iot.repository.DeviceDemandRepository. If you want this repository to be a JPA repository, consider annotating your entities with one of these annotations: javax.persistence.Entity, javax.persistence.MappedSuperclass (preferred), or consider extending one of the following types with your repository: org.springframework.data.jpa.repository.JpaRepository.
2020-06-20 00:47:00.949  INFO 19940 --- [main] .RepositoryConfigurationExtensionSupport : Spring Data JPA - Could not safely identify store assignment for repository candidate interface com.example.iot.repository.DeviceMessageRepository. If you want this repository to be a JPA repository, consider annotating your entities with one of these annotations: javax.persistence.Entity, javax.persistence.MappedSuperclass (preferred), or consider extending one of the following types with your repository: org.springframework.data.jpa.repository.JpaRepository.
2020-06-20 00:47:00.989  INFO 19940 --- [main] .s.d.r.c.RepositoryConfigurationDelegate : Finished Spring Data repository scanning in 88ms. Found 9 JPA repository interfaces.
2020-06-20 00:47:01.013  INFO 19940 --- [main] .s.d.r.c.RepositoryConfigurationDelegate : Multiple Spring Data modules found, entering strict repository configuration mode!
2020-06-20 00:47:01.014  INFO 19940 --- [main] .s.d.r.c.RepositoryConfigurationDelegate : Bootstrapping Spring Data MongoDB repositories in DEFAULT mode.
2020-06-20 00:47:01.024  INFO 19940 --- [main] .RepositoryConfigurationExtensionSupport : Spring Data MongoDB - Could not safely identify store assignment for repository candidate interface com.example.iot.repository.ChannelDataFieldRepository. If you want this repository to be a MongoDB repository, consider annotating your entities with one of these annotations: org.springframework.data.mongodb.core.mapping.Document (preferred), or consider extending one of the following types with your repository: org.springframework.data.mongodb.repository.MongoRepository.
2020-06-20 00:47:01.025  INFO 19940 --- [main] .RepositoryConfigurationExtensionSupport : Spring Data MongoDB - Could not safely identify store assignment for repository candidate interface com.example.iot.repository.DeviceChannelRepository. If you want this repository to be a MongoDB repository, consider annotating your entities with one of these annotations: org.springframework.data.mongodb.core.mapping.Document (preferred), or consider extending one of the following types with your repository: org.springframework.data.mongodb.repository.MongoRepository.
2020-06-20 00:47:01.026  INFO 19940 --- [main] .RepositoryConfigurationExtensionSupport : Spring Data MongoDB - Could not safely identify store assignment for repository candidate interface com.example.iot.repository.DeviceRepository. If you want this repository to be a MongoDB repository, consider annotating your entities with one of these annotations: org.springframework.data.mongodb.core.mapping.Document (preferred), or consider extending one of the following types with your repository: org.springframework.data.mongodb.repository.MongoRepository.
2020-06-20 00:47:01.027  INFO 19940 --- [main] .RepositoryConfigurationExtensionSupport : Spring Data MongoDB - Could not safely identify store assignment for repository candidate interface com.example.iot.repository.GroupRepository. If you want this repository to be a MongoDB repository, consider annotating your entities with one of these annotations: org.springframework.data.mongodb.core.mapping.Document (preferred), or consider extending one of the following types with your repository: org.springframework.data.mongodb.repository.MongoRepository.
2020-06-20 00:47:01.027  INFO 19940 --- [main] .RepositoryConfigurationExtensionSupport : Spring Data MongoDB - Could not safely identify store assignment for repository candidate interface com.example.iot.repository.TemplateChannelRepository. If you want this repository to be a MongoDB repository, consider annotating your entities with one of these annotations: org.springframework.data.mongodb.core.mapping.Document (preferred), or consider extending one of the following types with your repository: org.springframework.data.mongodb.repository.MongoRepository.
2020-06-20 00:47:01.027  INFO 19940 --- [main] .RepositoryConfigurationExtensionSupport : Spring Data MongoDB - Could not safely identify store assignment for repository candidate interface com.example.iot.repository.TemplateRepository. If you want this repository to be a MongoDB repository, consider annotating your entities with one of these annotations: org.springframework.data.mongodb.core.mapping.Document (preferred), or consider extending one of the following types with your repository: org.springframework.data.mongodb.repository.MongoRepository.
2020-06-20 00:47:01.028  INFO 19940 --- [main] .RepositoryConfigurationExtensionSupport : Spring Data MongoDB - Could not safely identify store assignment for repository candidate interface com.example.iot.repository.UserRepository. If you want this repository to be a MongoDB repository, consider annotating your entities with one of these annotations: org.springframework.data.mongodb.core.mapping.Document (preferred), or consider extending one of the following types with your repository: org.springframework.data.mongodb.repository.MongoRepository.
2020-06-20 00:47:01.029  INFO 19940 --- [main] .RepositoryConfigurationExtensionSupport : Spring Data MongoDB - Could not safely identify store assignment for repository candidate interface com.example.iot.repository.rule.RuleLogRepository. If you want this repository to be a MongoDB repository, consider annotating your entities with one of these annotations: org.springframework.data.mongodb.core.mapping.Document (preferred), or consider extending one of the following types with your repository: org.springframework.data.mongodb.repository.MongoRepository.
2020-06-20 00:47:01.030  INFO 19940 --- [main] .RepositoryConfigurationExtensionSupport : Spring Data MongoDB - Could not safely identify store assignment for repository candidate interface com.example.iot.repository.rule.RuleRepository. If you want this repository to be a MongoDB repository, consider annotating your entities with one of these annotations: org.springframework.data.mongodb.core.mapping.Document (preferred), or consider extending one of the following types with your repository: org.springframework.data.mongodb.repository.MongoRepository.
2020-06-20 00:47:01.037  INFO 19940 --- [main] .s.d.r.c.RepositoryConfigurationDelegate : Finished Spring Data repository scanning in 22ms. Found 2 MongoDB repository interfaces.
2020-06-20 00:47:01.607  INFO 19940 --- [main] o.s.b.w.embedded.tomcat.TomcatWebServer  : Tomcat initialized with port(s): 8081 (http)
2020-06-20 00:47:01.615  INFO 19940 --- [main] o.apache.catalina.core.StandardService   : Starting service [Tomcat]
2020-06-20 00:47:01.615  INFO 19940 --- [main] org.apache.catalina.core.StandardEngine  : Starting Servlet engine: [Apache Tomcat/9.0.33]
2020-06-20 00:47:01.715  INFO 19940 --- [main] o.a.c.c.C.[Tomcat].[localhost].[/]       : Initializing Spring embedded WebApplicationContext
2020-06-20 00:47:01.715  INFO 19940 --- [main] o.s.web.context.ContextLoader            : Root WebApplicationContext: initialization completed in 1915 ms
2020-06-20 00:47:01.961  INFO 19940 --- [main] o.hibernate.jpa.internal.util.LogHelper  : HHH000204: Processing PersistenceUnitInfo [name: default]
2020-06-20 00:47:02.022  INFO 19940 --- [main] org.hibernate.Version                    : HHH000412: Hibernate ORM core version 5.4.12.Final
2020-06-20 00:47:02.123  INFO 19940 --- [main] o.hibernate.annotations.common.Version   : HCANN000001: Hibernate Commons Annotations {5.1.0.Final}
2020-06-20 00:47:02.210  INFO 19940 --- [main] com.zaxxer.hikari.HikariDataSource       : HikariPool-1 - Starting...
2020-06-20 00:47:02.510  INFO 19940 --- [main] com.zaxxer.hikari.HikariDataSource       : HikariPool-1 - Start completed.
2020-06-20 00:47:02.531  INFO 19940 --- [main] org.hibernate.dialect.Dialect            : HHH000400: Using dialect: org.hibernate.dialect.MySQL57Dialect
2020-06-20 00:47:03.660  INFO 19940 --- [main] o.h.e.t.j.p.i.JtaPlatformInitiator       : HHH000490: Using JtaPlatform implementation: [org.hibernate.engine.transaction.jta.platform.internal.NoJtaPlatform]
2020-06-20 00:47:03.671  INFO 19940 --- [main] j.LocalContainerEntityManagerFactoryBean : Initialized JPA EntityManagerFactory for persistence unit 'default'
2020-06-20 00:47:06.161  INFO 19940 --- [main] org.mongodb.driver.cluster               : Cluster created with settings {hosts=[101.37.80.37:27017], mode=SINGLE, requiredClusterType=UNKNOWN, serverSelectionTimeout='30000 ms', maxWaitQueueSize=500}
2020-06-20 00:47:06.269  INFO 19940 --- [cluster-ClusterId{value='5eecec0a5fe2a77dc066cef5', description='null'}-101.37.80.37:27017] org.mongodb.driver.connection            : Opened connection [connectionId{localValue:1, serverValue:28018}] to 101.37.80.37:27017
2020-06-20 00:47:06.292  INFO 19940 --- [cluster-ClusterId{value='5eecec0a5fe2a77dc066cef5', description='null'}-101.37.80.37:27017] org.mongodb.driver.cluster               : Monitor thread successfully connected to server with description ServerDescription{address=101.37.80.37:27017, type=STANDALONE, state=CONNECTED, ok=true, version=ServerVersion{versionList=[4, 2, 6]}, minWireVersion=0, maxWireVersion=8, maxDocumentSize=16777216, logicalSessionTimeoutMinutes=30, roundTripTimeNanos=19594500}
2020-06-20 00:47:07.438  WARN 19940 --- [main] JpaBaseConfiguration$JpaWebConfiguration : spring.jpa.open-in-view is enabled by default. Therefore, database queries may be performed during view rendering. Explicitly configure spring.jpa.open-in-view to disable this warning
2020-06-20 00:47:07.667  INFO 19940 --- [main] o.s.s.concurrent.ThreadPoolTaskExecutor  : Initializing ExecutorService 'applicationTaskExecutor'
2020-06-20 00:47:07.822  INFO 19940 --- [main] d.s.w.p.DocumentationPluginsBootstrapper : Context refreshed
2020-06-20 00:47:07.833  INFO 19940 --- [main] d.s.w.p.DocumentationPluginsBootstrapper : Found 1 custom documentation plugin(s)
2020-06-20 00:47:07.843  INFO 19940 --- [main] s.d.s.w.s.ApiListingReferenceScanner     : Scanning for api listing references
2020-06-20 00:47:08.207  INFO 19940 --- [main] .d.s.w.r.o.CachingOperationNameGenerator : Generating unique operation named: addUsingPOST_1
2020-06-20 00:47:08.212  INFO 19940 --- [main] .d.s.w.r.o.CachingOperationNameGenerator : Generating unique operation named: getUsingGET_1
2020-06-20 00:47:08.213  INFO 19940 --- [main] .d.s.w.r.o.CachingOperationNameGenerator : Generating unique operation named: getUsingGET_2
2020-06-20 00:47:08.222  INFO 19940 --- [main] .d.s.w.r.o.CachingOperationNameGenerator : Generating unique operation named: addUsingPOST_2
2020-06-20 00:47:08.225  INFO 19940 --- [main] .d.s.w.r.o.CachingOperationNameGenerator : Generating unique operation named: deleteUsingGET_1
2020-06-20 00:47:08.230  INFO 19940 --- [main] .d.s.w.r.o.CachingOperationNameGenerator : Generating unique operation named: getUsingGET_3
2020-06-20 00:47:08.238  INFO 19940 --- [main] .d.s.w.r.o.CachingOperationNameGenerator : Generating unique operation named: listUsingGET_1
2020-06-20 00:47:08.243  INFO 19940 --- [main] .d.s.w.r.o.CachingOperationNameGenerator : Generating unique operation named: searchByNameUsingGET_1
2020-06-20 00:47:08.245  INFO 19940 --- [main] .d.s.w.r.o.CachingOperationNameGenerator : Generating unique operation named: updateUsingPOST_1
2020-06-20 00:47:08.330  INFO 19940 --- [main] o.s.b.w.embedded.tomcat.TomcatWebServer  : Tomcat started on port(s): 8081 (http) with context path ''
2020-06-20 00:47:08.331  INFO 19940 --- [main] com.example.iot.IotApplication           : Started IotApplication in 9.171 seconds (JVM running for 11.622)
2020-06-20 00:47:15.306  INFO 19940 --- [http-nio-8081-exec-1] o.a.c.c.C.[Tomcat].[localhost].[/]       : Initializing Spring DispatcherServlet 'dispatcherServlet'
2020-06-20 00:47:15.306  INFO 19940 --- [http-nio-8081-exec-1] o.s.web.servlet.DispatcherServlet        : Initializing Servlet 'dispatcherServlet'
2020-06-20 00:47:15.316  INFO 19940 --- [http-nio-8081-exec-1] o.s.web.servlet.DispatcherServlet        : Completed initialization in 9 ms
2020-06-20 00:47:18.242  WARN 19940 --- [http-nio-8081-exec-2] .w.s.m.s.DefaultHandlerExceptionResolver : Resolved [org.springframework.web.bind.MissingPathVariableException: Missing URI template variable 'templateId' for method parameter of type int]
2020-06-20 00:48:23.348  INFO 21308 --- [main] com.example.iot.IotApplication           : Starting IotApplication on LAPTOP-BDC0IEQT with PID 21308 (D:\Software\SmartIot\smart-iot-backend\target\classes started by 77178 in D:\Software\SmartIot\smart-iot-backend)
2020-06-20 00:48:23.350  INFO 21308 --- [main] com.example.iot.IotApplication           : No active profile set, falling back to default profiles: default
2020-06-20 00:48:23.431  WARN 21308 --- [background-preinit] o.s.h.c.j.Jackson2ObjectMapperBuilder    : For Jackson Kotlin classes support please add "com.fasterxml.jackson.module:jackson-module-kotlin" to the classpath
2020-06-20 00:48:24.920  INFO 21308 --- [main] .s.d.r.c.RepositoryConfigurationDelegate : Multiple Spring Data modules found, entering strict repository configuration mode!
2020-06-20 00:48:24.921  INFO 21308 --- [main] .s.d.r.c.RepositoryConfigurationDelegate : Bootstrapping Spring Data JPA repositories in DEFAULT mode.
2020-06-20 00:48:25.034  INFO 21308 --- [main] .RepositoryConfigurationExtensionSupport : Spring Data JPA - Could not safely identify store assignment for repository candidate interface com.example.iot.repository.DeviceDemandRepository. If you want this repository to be a JPA repository, consider annotating your entities with one of these annotations: javax.persistence.Entity, javax.persistence.MappedSuperclass (preferred), or consider extending one of the following types with your repository: org.springframework.data.jpa.repository.JpaRepository.
2020-06-20 00:48:25.037  INFO 21308 --- [main] .RepositoryConfigurationExtensionSupport : Spring Data JPA - Could not safely identify store assignment for repository candidate interface com.example.iot.repository.DeviceMessageRepository. If you want this repository to be a JPA repository, consider annotating your entities with one of these annotations: javax.persistence.Entity, javax.persistence.MappedSuperclass (preferred), or consider extending one of the following types with your repository: org.springframework.data.jpa.repository.JpaRepository.
2020-06-20 00:48:25.096  INFO 21308 --- [main] .s.d.r.c.RepositoryConfigurationDelegate : Finished Spring Data repository scanning in 147ms. Found 9 JPA repository interfaces.
2020-06-20 00:48:25.120  INFO 21308 --- [main] .s.d.r.c.RepositoryConfigurationDelegate : Multiple Spring Data modules found, entering strict repository configuration mode!
2020-06-20 00:48:25.120  INFO 21308 --- [main] .s.d.r.c.RepositoryConfigurationDelegate : Bootstrapping Spring Data MongoDB repositories in DEFAULT mode.
2020-06-20 00:48:25.131  INFO 21308 --- [main] .RepositoryConfigurationExtensionSupport : Spring Data MongoDB - Could not safely identify store assignment for repository candidate interface com.example.iot.repository.ChannelDataFieldRepository. If you want this repository to be a MongoDB repository, consider annotating your entities with one of these annotations: org.springframework.data.mongodb.core.mapping.Document (preferred), or consider extending one of the following types with your repository: org.springframework.data.mongodb.repository.MongoRepository.
2020-06-20 00:48:25.132  INFO 21308 --- [main] .RepositoryConfigurationExtensionSupport : Spring Data MongoDB - Could not safely identify store assignment for repository candidate interface com.example.iot.repository.DeviceChannelRepository. If you want this repository to be a MongoDB repository, consider annotating your entities with one of these annotations: org.springframework.data.mongodb.core.mapping.Document (preferred), or consider extending one of the following types with your repository: org.springframework.data.mongodb.repository.MongoRepository.
2020-06-20 00:48:25.133  INFO 21308 --- [main] .RepositoryConfigurationExtensionSupport : Spring Data MongoDB - Could not safely identify store assignment for repository candidate interface com.example.iot.repository.DeviceRepository. If you want this repository to be a MongoDB repository, consider annotating your entities with one of these annotations: org.springframework.data.mongodb.core.mapping.Document (preferred), or consider extending one of the following types with your repository: org.springframework.data.mongodb.repository.MongoRepository.
2020-06-20 00:48:25.133  INFO 21308 --- [main] .RepositoryConfigurationExtensionSupport : Spring Data MongoDB - Could not safely identify store assignment for repository candidate interface com.example.iot.repository.GroupRepository. If you want this repository to be a MongoDB repository, consider annotating your entities with one of these annotations: org.springframework.data.mongodb.core.mapping.Document (preferred), or consider extending one of the following types with your repository: org.springframework.data.mongodb.repository.MongoRepository.
2020-06-20 00:48:25.133  INFO 21308 --- [main] .RepositoryConfigurationExtensionSupport : Spring Data MongoDB - Could not safely identify store assignment for repository candidate interface com.example.iot.repository.TemplateChannelRepository. If you want this repository to be a MongoDB repository, consider annotating your entities with one of these annotations: org.springframework.data.mongodb.core.mapping.Document (preferred), or consider extending one of the following types with your repository: org.springframework.data.mongodb.repository.MongoRepository.
2020-06-20 00:48:25.134  INFO 21308 --- [main] .RepositoryConfigurationExtensionSupport : Spring Data MongoDB - Could not safely identify store assignment for repository candidate interface com.example.iot.repository.TemplateRepository. If you want this repository to be a MongoDB repository, consider annotating your entities with one of these annotations: org.springframework.data.mongodb.core.mapping.Document (preferred), or consider extending one of the following types with your repository: org.springframework.data.mongodb.repository.MongoRepository.
2020-06-20 00:48:25.134  INFO 21308 --- [main] .RepositoryConfigurationExtensionSupport : Spring Data MongoDB - Could not safely identify store assignment for repository candidate interface com.example.iot.repository.UserRepository. If you want this repository to be a MongoDB repository, consider annotating your entities with one of these annotations: org.springframework.data.mongodb.core.mapping.Document (preferred), or consider extending one of the following types with your repository: org.springframework.data.mongodb.repository.MongoRepository.
2020-06-20 00:48:25.135  INFO 21308 --- [main] .RepositoryConfigurationExtensionSupport : Spring Data MongoDB - Could not safely identify store assignment for repository candidate interface com.example.iot.repository.rule.RuleLogRepository. If you want this repository to be a MongoDB repository, consider annotating your entities with one of these annotations: org.springframework.data.mongodb.core.mapping.Document (preferred), or consider extending one of the following types with your repository: org.springframework.data.mongodb.repository.MongoRepository.
2020-06-20 00:48:25.136  INFO 21308 --- [main] .RepositoryConfigurationExtensionSupport : Spring Data MongoDB - Could not safely identify store assignment for repository candidate interface com.example.iot.repository.rule.RuleRepository. If you want this repository to be a MongoDB repository, consider annotating your entities with one of these annotations: org.springframework.data.mongodb.core.mapping.Document (preferred), or consider extending one of the following types with your repository: org.springframework.data.mongodb.repository.MongoRepository.
2020-06-20 00:48:25.143  INFO 21308 --- [main] .s.d.r.c.RepositoryConfigurationDelegate : Finished Spring Data repository scanning in 22ms. Found 2 MongoDB repository interfaces.
2020-06-20 00:48:25.740  INFO 21308 --- [main] o.s.b.w.embedded.tomcat.TomcatWebServer  : Tomcat initialized with port(s): 8081 (http)
2020-06-20 00:48:25.748  INFO 21308 --- [main] o.apache.catalina.core.StandardService   : Starting service [Tomcat]
2020-06-20 00:48:25.749  INFO 21308 --- [main] org.apache.catalina.core.StandardEngine  : Starting Servlet engine: [Apache Tomcat/9.0.33]
2020-06-20 00:48:25.847  INFO 21308 --- [main] o.a.c.c.C.[Tomcat].[localhost].[/]       : Initializing Spring embedded WebApplicationContext
2020-06-20 00:48:25.847  INFO 21308 --- [main] o.s.web.context.ContextLoader            : Root WebApplicationContext: initialization completed in 2434 ms
2020-06-20 00:48:26.103  INFO 21308 --- [main] o.hibernate.jpa.internal.util.LogHelper  : HHH000204: Processing PersistenceUnitInfo [name: default]
2020-06-20 00:48:26.179  INFO 21308 --- [main] org.hibernate.Version                    : HHH000412: Hibernate ORM core version 5.4.12.Final
2020-06-20 00:48:26.294  INFO 21308 --- [main] o.hibernate.annotations.common.Version   : HCANN000001: Hibernate Commons Annotations {5.1.0.Final}
2020-06-20 00:48:26.373  INFO 21308 --- [main] com.zaxxer.hikari.HikariDataSource       : HikariPool-1 - Starting...
2020-06-20 00:48:26.672  INFO 21308 --- [main] com.zaxxer.hikari.HikariDataSource       : HikariPool-1 - Start completed.
2020-06-20 00:48:26.695  INFO 21308 --- [main] org.hibernate.dialect.Dialect            : HHH000400: Using dialect: org.hibernate.dialect.MySQL57Dialect
2020-06-20 00:48:27.776  INFO 21308 --- [main] o.h.e.t.j.p.i.JtaPlatformInitiator       : HHH000490: Using JtaPlatform implementation: [org.hibernate.engine.transaction.jta.platform.internal.NoJtaPlatform]
2020-06-20 00:48:27.782  INFO 21308 --- [main] j.LocalContainerEntityManagerFactoryBean : Initialized JPA EntityManagerFactory for persistence unit 'default'
2020-06-20 00:48:29.667  INFO 21308 --- [main] org.mongodb.driver.cluster               : Cluster created with settings {hosts=[101.37.80.37:27017], mode=SINGLE, requiredClusterType=UNKNOWN, serverSelectionTimeout='30000 ms', maxWaitQueueSize=500}
2020-06-20 00:48:29.761  INFO 21308 --- [cluster-ClusterId{value='5eecec5df532ec1a85ef2d6f', description='null'}-101.37.80.37:27017] org.mongodb.driver.connection            : Opened connection [connectionId{localValue:1, serverValue:28022}] to 101.37.80.37:27017
2020-06-20 00:48:29.781  INFO 21308 --- [cluster-ClusterId{value='5eecec5df532ec1a85ef2d6f', description='null'}-101.37.80.37:27017] org.mongodb.driver.cluster               : Monitor thread successfully connected to server with description ServerDescription{address=101.37.80.37:27017, type=STANDALONE, state=CONNECTED, ok=true, version=ServerVersion{versionList=[4, 2, 6]}, minWireVersion=0, maxWireVersion=8, maxDocumentSize=16777216, logicalSessionTimeoutMinutes=30, roundTripTimeNanos=17993100}
2020-06-20 00:48:30.720  WARN 21308 --- [main] JpaBaseConfiguration$JpaWebConfiguration : spring.jpa.open-in-view is enabled by default. Therefore, database queries may be performed during view rendering. Explicitly configure spring.jpa.open-in-view to disable this warning
2020-06-20 00:48:30.944  INFO 21308 --- [main] o.s.s.concurrent.ThreadPoolTaskExecutor  : Initializing ExecutorService 'applicationTaskExecutor'
2020-06-20 00:48:31.114  INFO 21308 --- [main] d.s.w.p.DocumentationPluginsBootstrapper : Context refreshed
2020-06-20 00:48:31.126  INFO 21308 --- [main] d.s.w.p.DocumentationPluginsBootstrapper : Found 1 custom documentation plugin(s)
2020-06-20 00:48:31.140  INFO 21308 --- [main] s.d.s.w.s.ApiListingReferenceScanner     : Scanning for api listing references
2020-06-20 00:48:31.476  INFO 21308 --- [main] .d.s.w.r.o.CachingOperationNameGenerator : Generating unique operation named: addUsingPOST_1
2020-06-20 00:48:31.484  INFO 21308 --- [main] .d.s.w.r.o.CachingOperationNameGenerator : Generating unique operation named: getUsingGET_1
2020-06-20 00:48:31.487  INFO 21308 --- [main] .d.s.w.r.o.CachingOperationNameGenerator : Generating unique operation named: getUsingGET_2
2020-06-20 00:48:31.497  INFO 21308 --- [main] .d.s.w.r.o.CachingOperationNameGenerator : Generating unique operation named: addUsingPOST_2
2020-06-20 00:48:31.501  INFO 21308 --- [main] .d.s.w.r.o.CachingOperationNameGenerator : Generating unique operation named: deleteUsingGET_1
2020-06-20 00:48:31.507  INFO 21308 --- [main] .d.s.w.r.o.CachingOperationNameGenerator : Generating unique operation named: getUsingGET_3
2020-06-20 00:48:31.515  INFO 21308 --- [main] .d.s.w.r.o.CachingOperationNameGenerator : Generating unique operation named: listUsingGET_1
2020-06-20 00:48:31.519  INFO 21308 --- [main] .d.s.w.r.o.CachingOperationNameGenerator : Generating unique operation named: searchByNameUsingGET_1
2020-06-20 00:48:31.523  INFO 21308 --- [main] .d.s.w.r.o.CachingOperationNameGenerator : Generating unique operation named: updateUsingPOST_1
2020-06-20 00:48:31.622  INFO 21308 --- [main] o.s.b.w.embedded.tomcat.TomcatWebServer  : Tomcat started on port(s): 8081 (http) with context path ''
2020-06-20 00:48:31.625  INFO 21308 --- [main] com.example.iot.IotApplication           : Started IotApplication in 8.831 seconds (JVM running for 11.199)
2020-06-20 00:48:34.029  INFO 21308 --- [http-nio-8081-exec-1] o.a.c.c.C.[Tomcat].[localhost].[/]       : Initializing Spring DispatcherServlet 'dispatcherServlet'
2020-06-20 00:48:34.030  INFO 21308 --- [http-nio-8081-exec-1] o.s.web.servlet.DispatcherServlet        : Initializing Servlet 'dispatcherServlet'
2020-06-20 00:48:34.038  INFO 21308 --- [http-nio-8081-exec-1] o.s.web.servlet.DispatcherServlet        : Completed initialization in 8 ms
2020-06-20 00:48:47.449  INFO 21308 --- [Thread-56] org.mongodb.driver.connection            : Opened connection [connectionId{localValue:2, serverValue:28025}] to 101.37.80.37:27017
2020-06-20 00:50:39.651  INFO 19944 --- [main] com.example.iot.IotApplication           : Starting IotApplication on LAPTOP-BDC0IEQT with PID 19944 (D:\Software\SmartIot\smart-iot-backend\target\classes started by 77178 in D:\Software\SmartIot\smart-iot-backend)
2020-06-20 00:50:39.653  INFO 19944 --- [main] com.example.iot.IotApplication           : No active profile set, falling back to default profiles: default
2020-06-20 00:50:39.779  WARN 19944 --- [background-preinit] o.s.h.c.j.Jackson2ObjectMapperBuilder    : For Jackson Kotlin classes support please add "com.fasterxml.jackson.module:jackson-module-kotlin" to the classpath
2020-06-20 00:50:41.201  INFO 19944 --- [main] .s.d.r.c.RepositoryConfigurationDelegate : Multiple Spring Data modules found, entering strict repository configuration mode!
2020-06-20 00:50:41.202  INFO 19944 --- [main] .s.d.r.c.RepositoryConfigurationDelegate : Bootstrapping Spring Data JPA repositories in DEFAULT mode.
2020-06-20 00:50:41.268  INFO 19944 --- [main] .RepositoryConfigurationExtensionSupport : Spring Data JPA - Could not safely identify store assignment for repository candidate interface com.example.iot.repository.DeviceDemandRepository. If you want this repository to be a JPA repository, consider annotating your entities with one of these annotations: javax.persistence.Entity, javax.persistence.MappedSuperclass (preferred), or consider extending one of the following types with your repository: org.springframework.data.jpa.repository.JpaRepository.
2020-06-20 00:50:41.273  INFO 19944 --- [main] .RepositoryConfigurationExtensionSupport : Spring Data JPA - Could not safely identify store assignment for repository candidate interface com.example.iot.repository.DeviceMessageRepository. If you want this repository to be a JPA repository, consider annotating your entities with one of these annotations: javax.persistence.Entity, javax.persistence.MappedSuperclass (preferred), or consider extending one of the following types with your repository: org.springframework.data.jpa.repository.JpaRepository.
2020-06-20 00:50:41.322  INFO 19944 --- [main] .s.d.r.c.RepositoryConfigurationDelegate : Finished Spring Data repository scanning in 113ms. Found 9 JPA repository interfaces.
2020-06-20 00:50:41.345  INFO 19944 --- [main] .s.d.r.c.RepositoryConfigurationDelegate : Multiple Spring Data modules found, entering strict repository configuration mode!
2020-06-20 00:50:41.345  INFO 19944 --- [main] .s.d.r.c.RepositoryConfigurationDelegate : Bootstrapping Spring Data MongoDB repositories in DEFAULT mode.
2020-06-20 00:50:41.356  INFO 19944 --- [main] .RepositoryConfigurationExtensionSupport : Spring Data MongoDB - Could not safely identify store assignment for repository candidate interface com.example.iot.repository.ChannelDataFieldRepository. If you want this repository to be a MongoDB repository, consider annotating your entities with one of these annotations: org.springframework.data.mongodb.core.mapping.Document (preferred), or consider extending one of the following types with your repository: org.springframework.data.mongodb.repository.MongoRepository.
2020-06-20 00:50:41.356  INFO 19944 --- [main] .RepositoryConfigurationExtensionSupport : Spring Data MongoDB - Could not safely identify store assignment for repository candidate interface com.example.iot.repository.DeviceChannelRepository. If you want this repository to be a MongoDB repository, consider annotating your entities with one of these annotations: org.springframework.data.mongodb.core.mapping.Document (preferred), or consider extending one of the following types with your repository: org.springframework.data.mongodb.repository.MongoRepository.
2020-06-20 00:50:41.358  INFO 19944 --- [main] .RepositoryConfigurationExtensionSupport : Spring Data MongoDB - Could not safely identify store assignment for repository candidate interface com.example.iot.repository.DeviceRepository. If you want this repository to be a MongoDB repository, consider annotating your entities with one of these annotations: org.springframework.data.mongodb.core.mapping.Document (preferred), or consider extending one of the following types with your repository: org.springframework.data.mongodb.repository.MongoRepository.
2020-06-20 00:50:41.358  INFO 19944 --- [main] .RepositoryConfigurationExtensionSupport : Spring Data MongoDB - Could not safely identify store assignment for repository candidate interface com.example.iot.repository.GroupRepository. If you want this repository to be a MongoDB repository, consider annotating your entities with one of these annotations: org.springframework.data.mongodb.core.mapping.Document (preferred), or consider extending one of the following types with your repository: org.springframework.data.mongodb.repository.MongoRepository.
2020-06-20 00:50:41.359  INFO 19944 --- [main] .RepositoryConfigurationExtensionSupport : Spring Data MongoDB - Could not safely identify store assignment for repository candidate interface com.example.iot.repository.TemplateChannelRepository. If you want this repository to be a MongoDB repository, consider annotating your entities with one of these annotations: org.springframework.data.mongodb.core.mapping.Document (preferred), or consider extending one of the following types with your repository: org.springframework.data.mongodb.repository.MongoRepository.
2020-06-20 00:50:41.359  INFO 19944 --- [main] .RepositoryConfigurationExtensionSupport : Spring Data MongoDB - Could not safely identify store assignment for repository candidate interface com.example.iot.repository.TemplateRepository. If you want this repository to be a MongoDB repository, consider annotating your entities with one of these annotations: org.springframework.data.mongodb.core.mapping.Document (preferred), or consider extending one of the following types with your repository: org.springframework.data.mongodb.repository.MongoRepository.
2020-06-20 00:50:41.360  INFO 19944 --- [main] .RepositoryConfigurationExtensionSupport : Spring Data MongoDB - Could not safely identify store assignment for repository candidate interface com.example.iot.repository.UserRepository. If you want this repository to be a MongoDB repository, consider annotating your entities with one of these annotations: org.springframework.data.mongodb.core.mapping.Document (preferred), or consider extending one of the following types with your repository: org.springframework.data.mongodb.repository.MongoRepository.
2020-06-20 00:50:41.361  INFO 19944 --- [main] .RepositoryConfigurationExtensionSupport : Spring Data MongoDB - Could not safely identify store assignment for repository candidate interface com.example.iot.repository.rule.RuleLogRepository. If you want this repository to be a MongoDB repository, consider annotating your entities with one of these annotations: org.springframework.data.mongodb.core.mapping.Document (preferred), or consider extending one of the following types with your repository: org.springframework.data.mongodb.repository.MongoRepository.
2020-06-20 00:50:41.362  INFO 19944 --- [main] .RepositoryConfigurationExtensionSupport : Spring Data MongoDB - Could not safely identify store assignment for repository candidate interface com.example.iot.repository.rule.RuleRepository. If you want this repository to be a MongoDB repository, consider annotating your entities with one of these annotations: org.springframework.data.mongodb.core.mapping.Document (preferred), or consider extending one of the following types with your repository: org.springframework.data.mongodb.repository.MongoRepository.
2020-06-20 00:50:41.369  INFO 19944 --- [main] .s.d.r.c.RepositoryConfigurationDelegate : Finished Spring Data repository scanning in 23ms. Found 2 MongoDB repository interfaces.
2020-06-20 00:50:41.911  INFO 19944 --- [main] o.s.b.w.embedded.tomcat.TomcatWebServer  : Tomcat initialized with port(s): 8081 (http)
2020-06-20 00:50:41.918  INFO 19944 --- [main] o.apache.catalina.core.StandardService   : Starting service [Tomcat]
2020-06-20 00:50:41.919  INFO 19944 --- [main] org.apache.catalina.core.StandardEngine  : Starting Servlet engine: [Apache Tomcat/9.0.33]
2020-06-20 00:50:42.016  INFO 19944 --- [main] o.a.c.c.C.[Tomcat].[localhost].[/]       : Initializing Spring embedded WebApplicationContext
2020-06-20 00:50:42.017  INFO 19944 --- [main] o.s.web.context.ContextLoader            : Root WebApplicationContext: initialization completed in 2299 ms
2020-06-20 00:50:42.241  INFO 19944 --- [main] o.hibernate.jpa.internal.util.LogHelper  : HHH000204: Processing PersistenceUnitInfo [name: default]
2020-06-20 00:50:42.296  INFO 19944 --- [main] org.hibernate.Version                    : HHH000412: Hibernate ORM core version 5.4.12.Final
2020-06-20 00:50:42.396  INFO 19944 --- [main] o.hibernate.annotations.common.Version   : HCANN000001: Hibernate Commons Annotations {5.1.0.Final}
2020-06-20 00:50:42.478  INFO 19944 --- [main] com.zaxxer.hikari.HikariDataSource       : HikariPool-1 - Starting...
2020-06-20 00:50:42.743  INFO 19944 --- [main] com.zaxxer.hikari.HikariDataSource       : HikariPool-1 - Start completed.
2020-06-20 00:50:42.759  INFO 19944 --- [main] org.hibernate.dialect.Dialect            : HHH000400: Using dialect: org.hibernate.dialect.MySQL57Dialect
2020-06-20 00:50:43.812  INFO 19944 --- [main] o.h.e.t.j.p.i.JtaPlatformInitiator       : HHH000490: Using JtaPlatform implementation: [org.hibernate.engine.transaction.jta.platform.internal.NoJtaPlatform]
2020-06-20 00:50:43.820  INFO 19944 --- [main] j.LocalContainerEntityManagerFactoryBean : Initialized JPA EntityManagerFactory for persistence unit 'default'
2020-06-20 00:50:45.700  INFO 19944 --- [main] org.mongodb.driver.cluster               : Cluster created with settings {hosts=[101.37.80.37:27017], mode=SINGLE, requiredClusterType=UNKNOWN, serverSelectionTimeout='30000 ms', maxWaitQueueSize=500}
2020-06-20 00:50:45.789  INFO 19944 --- [cluster-ClusterId{value='5eecece51138132a6241fd4c', description='null'}-101.37.80.37:27017] org.mongodb.driver.connection            : Opened connection [connectionId{localValue:1, serverValue:28026}] to 101.37.80.37:27017
2020-06-20 00:50:45.809  INFO 19944 --- [cluster-ClusterId{value='5eecece51138132a6241fd4c', description='null'}-101.37.80.37:27017] org.mongodb.driver.cluster               : Monitor thread successfully connected to server with description ServerDescription{address=101.37.80.37:27017, type=STANDALONE, state=CONNECTED, ok=true, version=ServerVersion{versionList=[4, 2, 6]}, minWireVersion=0, maxWireVersion=8, maxDocumentSize=16777216, logicalSessionTimeoutMinutes=30, roundTripTimeNanos=17786200}
2020-06-20 00:50:46.753  WARN 19944 --- [main] JpaBaseConfiguration$JpaWebConfiguration : spring.jpa.open-in-view is enabled by default. Therefore, database queries may be performed during view rendering. Explicitly configure spring.jpa.open-in-view to disable this warning
2020-06-20 00:50:46.968  INFO 19944 --- [main] o.s.s.concurrent.ThreadPoolTaskExecutor  : Initializing ExecutorService 'applicationTaskExecutor'
2020-06-20 00:50:47.125  INFO 19944 --- [main] d.s.w.p.DocumentationPluginsBootstrapper : Context refreshed
2020-06-20 00:50:47.136  INFO 19944 --- [main] d.s.w.p.DocumentationPluginsBootstrapper : Found 1 custom documentation plugin(s)
2020-06-20 00:50:47.148  INFO 19944 --- [main] s.d.s.w.s.ApiListingReferenceScanner     : Scanning for api listing references
2020-06-20 00:50:47.478  INFO 19944 --- [main] .d.s.w.r.o.CachingOperationNameGenerator : Generating unique operation named: addUsingPOST_1
2020-06-20 00:50:47.483  INFO 19944 --- [main] .d.s.w.r.o.CachingOperationNameGenerator : Generating unique operation named: getUsingGET_1
2020-06-20 00:50:47.485  INFO 19944 --- [main] .d.s.w.r.o.CachingOperationNameGenerator : Generating unique operation named: getUsingGET_2
2020-06-20 00:50:47.493  INFO 19944 --- [main] .d.s.w.r.o.CachingOperationNameGenerator : Generating unique operation named: addUsingPOST_2
2020-06-20 00:50:47.497  INFO 19944 --- [main] .d.s.w.r.o.CachingOperationNameGenerator : Generating unique operation named: deleteUsingGET_1
2020-06-20 00:50:47.506  INFO 19944 --- [main] .d.s.w.r.o.CachingOperationNameGenerator : Generating unique operation named: getUsingGET_3
2020-06-20 00:50:47.514  INFO 19944 --- [main] .d.s.w.r.o.CachingOperationNameGenerator : Generating unique operation named: listUsingGET_1
2020-06-20 00:50:47.518  INFO 19944 --- [main] .d.s.w.r.o.CachingOperationNameGenerator : Generating unique operation named: searchByNameUsingGET_1
2020-06-20 00:50:47.521  INFO 19944 --- [main] .d.s.w.r.o.CachingOperationNameGenerator : Generating unique operation named: updateUsingPOST_1
2020-06-20 00:50:47.603  INFO 19944 --- [main] o.s.b.w.embedded.tomcat.TomcatWebServer  : Tomcat started on port(s): 8081 (http) with context path ''
2020-06-20 00:50:47.605  INFO 19944 --- [main] com.example.iot.IotApplication           : Started IotApplication in 8.434 seconds (JVM running for 10.926)
2020-06-20 00:50:52.226  INFO 19944 --- [http-nio-8081-exec-1] o.a.c.c.C.[Tomcat].[localhost].[/]       : Initializing Spring DispatcherServlet 'dispatcherServlet'
2020-06-20 00:50:52.226  INFO 19944 --- [http-nio-8081-exec-1] o.s.web.servlet.DispatcherServlet        : Initializing Servlet 'dispatcherServlet'
2020-06-20 00:50:52.236  INFO 19944 --- [http-nio-8081-exec-1] o.s.web.servlet.DispatcherServlet        : Completed initialization in 10 ms
2020-06-20 00:53:50.237  INFO 19152 --- [main] com.example.iot.IotApplication           : Starting IotApplication on LAPTOP-BDC0IEQT with PID 19152 (D:\Software\SmartIot\smart-iot-backend\target\classes started by 77178 in D:\Software\SmartIot\smart-iot-backend)
2020-06-20 00:53:50.239  INFO 19152 --- [main] com.example.iot.IotApplication           : No active profile set, falling back to default profiles: default
2020-06-20 00:53:50.325  WARN 19152 --- [background-preinit] o.s.h.c.j.Jackson2ObjectMapperBuilder    : For Jackson Kotlin classes support please add "com.fasterxml.jackson.module:jackson-module-kotlin" to the classpath
2020-06-20 00:53:51.476  INFO 19152 --- [main] .s.d.r.c.RepositoryConfigurationDelegate : Multiple Spring Data modules found, entering strict repository configuration mode!
2020-06-20 00:53:51.476  INFO 19152 --- [main] .s.d.r.c.RepositoryConfigurationDelegate : Bootstrapping Spring Data JPA repositories in DEFAULT mode.
2020-06-20 00:53:51.524  INFO 19152 --- [main] .RepositoryConfigurationExtensionSupport : Spring Data JPA - Could not safely identify store assignment for repository candidate interface com.example.iot.repository.DeviceDemandRepository. If you want this repository to be a JPA repository, consider annotating your entities with one of these annotations: javax.persistence.Entity, javax.persistence.MappedSuperclass (preferred), or consider extending one of the following types with your repository: org.springframework.data.jpa.repository.JpaRepository.
2020-06-20 00:53:51.525  INFO 19152 --- [main] .RepositoryConfigurationExtensionSupport : Spring Data JPA - Could not safely identify store assignment for repository candidate interface com.example.iot.repository.DeviceMessageRepository. If you want this repository to be a JPA repository, consider annotating your entities with one of these annotations: javax.persistence.Entity, javax.persistence.MappedSuperclass (preferred), or consider extending one of the following types with your repository: org.springframework.data.jpa.repository.JpaRepository.
2020-06-20 00:53:51.556  INFO 19152 --- [main] .s.d.r.c.RepositoryConfigurationDelegate : Finished Spring Data repository scanning in 73ms. Found 9 JPA repository interfaces.
2020-06-20 00:53:51.575  INFO 19152 --- [main] .s.d.r.c.RepositoryConfigurationDelegate : Multiple Spring Data modules found, entering strict repository configuration mode!
2020-06-20 00:53:51.575  INFO 19152 --- [main] .s.d.r.c.RepositoryConfigurationDelegate : Bootstrapping Spring Data MongoDB repositories in DEFAULT mode.
2020-06-20 00:53:51.584  INFO 19152 --- [main] .RepositoryConfigurationExtensionSupport : Spring Data MongoDB - Could not safely identify store assignment for repository candidate interface com.example.iot.repository.ChannelDataFieldRepository. If you want this repository to be a MongoDB repository, consider annotating your entities with one of these annotations: org.springframework.data.mongodb.core.mapping.Document (preferred), or consider extending one of the following types with your repository: org.springframework.data.mongodb.repository.MongoRepository.
2020-06-20 00:53:51.584  INFO 19152 --- [main] .RepositoryConfigurationExtensionSupport : Spring Data MongoDB - Could not safely identify store assignment for repository candidate interface com.example.iot.repository.DeviceChannelRepository. If you want this repository to be a MongoDB repository, consider annotating your entities with one of these annotations: org.springframework.data.mongodb.core.mapping.Document (preferred), or consider extending one of the following types with your repository: org.springframework.data.mongodb.repository.MongoRepository.
2020-06-20 00:53:51.585  INFO 19152 --- [main] .RepositoryConfigurationExtensionSupport : Spring Data MongoDB - Could not safely identify store assignment for repository candidate interface com.example.iot.repository.DeviceRepository. If you want this repository to be a MongoDB repository, consider annotating your entities with one of these annotations: org.springframework.data.mongodb.core.mapping.Document (preferred), or consider extending one of the following types with your repository: org.springframework.data.mongodb.repository.MongoRepository.
2020-06-20 00:53:51.586  INFO 19152 --- [main] .RepositoryConfigurationExtensionSupport : Spring Data MongoDB - Could not safely identify store assignment for repository candidate interface com.example.iot.repository.GroupRepository. If you want this repository to be a MongoDB repository, consider annotating your entities with one of these annotations: org.springframework.data.mongodb.core.mapping.Document (preferred), or consider extending one of the following types with your repository: org.springframework.data.mongodb.repository.MongoRepository.
2020-06-20 00:53:51.586  INFO 19152 --- [main] .RepositoryConfigurationExtensionSupport : Spring Data MongoDB - Could not safely identify store assignment for repository candidate interface com.example.iot.repository.TemplateChannelRepository. If you want this repository to be a MongoDB repository, consider annotating your entities with one of these annotations: org.springframework.data.mongodb.core.mapping.Document (preferred), or consider extending one of the following types with your repository: org.springframework.data.mongodb.repository.MongoRepository.
2020-06-20 00:53:51.586  INFO 19152 --- [main] .RepositoryConfigurationExtensionSupport : Spring Data MongoDB - Could not safely identify store assignment for repository candidate interface com.example.iot.repository.TemplateRepository. If you want this repository to be a MongoDB repository, consider annotating your entities with one of these annotations: org.springframework.data.mongodb.core.mapping.Document (preferred), or consider extending one of the following types with your repository: org.springframework.data.mongodb.repository.MongoRepository.
2020-06-20 00:53:51.587  INFO 19152 --- [main] .RepositoryConfigurationExtensionSupport : Spring Data MongoDB - Could not safely identify store assignment for repository candidate interface com.example.iot.repository.UserRepository. If you want this repository to be a MongoDB repository, consider annotating your entities with one of these annotations: org.springframework.data.mongodb.core.mapping.Document (preferred), or consider extending one of the following types with your repository: org.springframework.data.mongodb.repository.MongoRepository.
2020-06-20 00:53:51.588  INFO 19152 --- [main] .RepositoryConfigurationExtensionSupport : Spring Data MongoDB - Could not safely identify store assignment for repository candidate interface com.example.iot.repository.rule.RuleLogRepository. If you want this repository to be a MongoDB repository, consider annotating your entities with one of these annotations: org.springframework.data.mongodb.core.mapping.Document (preferred), or consider extending one of the following types with your repository: org.springframework.data.mongodb.repository.MongoRepository.
2020-06-20 00:53:51.589  INFO 19152 --- [main] .RepositoryConfigurationExtensionSupport : Spring Data MongoDB - Could not safely identify store assignment for repository candidate interface com.example.iot.repository.rule.RuleRepository. If you want this repository to be a MongoDB repository, consider annotating your entities with one of these annotations: org.springframework.data.mongodb.core.mapping.Document (preferred), or consider extending one of the following types with your repository: org.springframework.data.mongodb.repository.MongoRepository.
2020-06-20 00:53:51.595  INFO 19152 --- [main] .s.d.r.c.RepositoryConfigurationDelegate : Finished Spring Data repository scanning in 19ms. Found 2 MongoDB repository interfaces.
2020-06-20 00:53:52.324  INFO 19152 --- [main] o.s.b.w.embedded.tomcat.TomcatWebServer  : Tomcat initialized with port(s): 8081 (http)
2020-06-20 00:53:52.332  INFO 19152 --- [main] o.apache.catalina.core.StandardService   : Starting service [Tomcat]
2020-06-20 00:53:52.333  INFO 19152 --- [main] org.apache.catalina.core.StandardEngine  : Starting Servlet engine: [Apache Tomcat/9.0.33]
2020-06-20 00:53:52.423  INFO 19152 --- [main] o.a.c.c.C.[Tomcat].[localhost].[/]       : Initializing Spring embedded WebApplicationContext
2020-06-20 00:53:52.423  INFO 19152 --- [main] o.s.web.context.ContextLoader            : Root WebApplicationContext: initialization completed in 2131 ms
2020-06-20 00:53:52.666  INFO 19152 --- [main] o.hibernate.jpa.internal.util.LogHelper  : HHH000204: Processing PersistenceUnitInfo [name: default]
2020-06-20 00:53:52.738  INFO 19152 --- [main] org.hibernate.Version                    : HHH000412: Hibernate ORM core version 5.4.12.Final
2020-06-20 00:53:52.842  INFO 19152 --- [main] o.hibernate.annotations.common.Version   : HCANN000001: Hibernate Commons Annotations {5.1.0.Final}
2020-06-20 00:53:52.925  INFO 19152 --- [main] com.zaxxer.hikari.HikariDataSource       : HikariPool-1 - Starting...
2020-06-20 00:53:53.189  INFO 19152 --- [main] com.zaxxer.hikari.HikariDataSource       : HikariPool-1 - Start completed.
2020-06-20 00:53:53.205  INFO 19152 --- [main] org.hibernate.dialect.Dialect            : HHH000400: Using dialect: org.hibernate.dialect.MySQL57Dialect
2020-06-20 00:53:54.250  INFO 19152 --- [main] o.h.e.t.j.p.i.JtaPlatformInitiator       : HHH000490: Using JtaPlatform implementation: [org.hibernate.engine.transaction.jta.platform.internal.NoJtaPlatform]
2020-06-20 00:53:54.259  INFO 19152 --- [main] j.LocalContainerEntityManagerFactoryBean : Initialized JPA EntityManagerFactory for persistence unit 'default'
2020-06-20 00:53:56.076  INFO 19152 --- [main] org.mongodb.driver.cluster               : Cluster created with settings {hosts=[101.37.80.37:27017], mode=SINGLE, requiredClusterType=UNKNOWN, serverSelectionTimeout='30000 ms', maxWaitQueueSize=500}
2020-06-20 00:53:56.173  INFO 19152 --- [cluster-ClusterId{value='5eeceda46bcd5110462df60d', description='null'}-101.37.80.37:27017] org.mongodb.driver.connection            : Opened connection [connectionId{localValue:1, serverValue:28027}] to 101.37.80.37:27017
2020-06-20 00:53:56.192  INFO 19152 --- [cluster-ClusterId{value='5eeceda46bcd5110462df60d', description='null'}-101.37.80.37:27017] org.mongodb.driver.cluster               : Monitor thread successfully connected to server with description ServerDescription{address=101.37.80.37:27017, type=STANDALONE, state=CONNECTED, ok=true, version=ServerVersion{versionList=[4, 2, 6]}, minWireVersion=0, maxWireVersion=8, maxDocumentSize=16777216, logicalSessionTimeoutMinutes=30, roundTripTimeNanos=17197500}
2020-06-20 00:53:57.068  WARN 19152 --- [main] JpaBaseConfiguration$JpaWebConfiguration : spring.jpa.open-in-view is enabled by default. Therefore, database queries may be performed during view rendering. Explicitly configure spring.jpa.open-in-view to disable this warning
2020-06-20 00:53:57.248  INFO 19152 --- [main] o.s.s.concurrent.ThreadPoolTaskExecutor  : Initializing ExecutorService 'applicationTaskExecutor'
2020-06-20 00:53:57.389  INFO 19152 --- [main] d.s.w.p.DocumentationPluginsBootstrapper : Context refreshed
2020-06-20 00:53:57.402  INFO 19152 --- [main] d.s.w.p.DocumentationPluginsBootstrapper : Found 1 custom documentation plugin(s)
2020-06-20 00:53:57.413  INFO 19152 --- [main] s.d.s.w.s.ApiListingReferenceScanner     : Scanning for api listing references
2020-06-20 00:53:57.730  INFO 19152 --- [main] .d.s.w.r.o.CachingOperationNameGenerator : Generating unique operation named: addUsingPOST_1
2020-06-20 00:53:57.734  INFO 19152 --- [main] .d.s.w.r.o.CachingOperationNameGenerator : Generating unique operation named: getUsingGET_1
2020-06-20 00:53:57.736  INFO 19152 --- [main] .d.s.w.r.o.CachingOperationNameGenerator : Generating unique operation named: getUsingGET_2
2020-06-20 00:53:57.744  INFO 19152 --- [main] .d.s.w.r.o.CachingOperationNameGenerator : Generating unique operation named: addUsingPOST_2
2020-06-20 00:53:57.747  INFO 19152 --- [main] .d.s.w.r.o.CachingOperationNameGenerator : Generating unique operation named: deleteUsingGET_1
2020-06-20 00:53:57.751  INFO 19152 --- [main] .d.s.w.r.o.CachingOperationNameGenerator : Generating unique operation named: getUsingGET_3
2020-06-20 00:53:57.761  INFO 19152 --- [main] .d.s.w.r.o.CachingOperationNameGenerator : Generating unique operation named: listUsingGET_1
2020-06-20 00:53:57.765  INFO 19152 --- [main] .d.s.w.r.o.CachingOperationNameGenerator : Generating unique operation named: searchByNameUsingGET_1
2020-06-20 00:53:57.769  INFO 19152 --- [main] .d.s.w.r.o.CachingOperationNameGenerator : Generating unique operation named: updateUsingPOST_1
2020-06-20 00:53:57.851  INFO 19152 --- [main] o.s.b.w.embedded.tomcat.TomcatWebServer  : Tomcat started on port(s): 8081 (http) with context path ''
2020-06-20 00:53:57.853  INFO 19152 --- [main] com.example.iot.IotApplication           : Started IotApplication in 8.064 seconds (JVM running for 10.653)
2020-06-20 00:54:04.747  INFO 19152 --- [http-nio-8081-exec-1] o.a.c.c.C.[Tomcat].[localhost].[/]       : Initializing Spring DispatcherServlet 'dispatcherServlet'
2020-06-20 00:54:04.748  INFO 19152 --- [http-nio-8081-exec-1] o.s.web.servlet.DispatcherServlet        : Initializing Servlet 'dispatcherServlet'
2020-06-20 00:54:04.757  INFO 19152 --- [http-nio-8081-exec-1] o.s.web.servlet.DispatcherServlet        : Completed initialization in 9 ms
2020-06-20 00:55:06.422  INFO 19152 --- [Thread-158] org.mongodb.driver.connection            : Opened connection [connectionId{localValue:2, serverValue:28028}] to 101.37.80.37:27017
